<?xml version="1.0" encoding="UTF-8"?>
<!-- Generated by org.testng.reporters.JUnitReportReporter -->
<testsuite hostname="admin-PC" failures="0" tests="1" name="sampleGitTest.SampleGitTest" time="13.270" errors="0" timestamp="25 May 2018 04:25:23 GMT" skipped="0">
  <testcase classname="sampleGitTest.SampleGitTest" name="LoginTest" time="13.270"/>
</testsuite> <!-- sampleGitTest.SampleGitTest -->
